2025-12-01 13:05:18 +0000  App Store Connect versions response: <DVTITunesConnectVersionsResponse: 0xc6d479e00; isSuccessful='1', errors='(null)', warnings='(null)', infoMessages='(null)', versions='(
)'>; error: (null)
2025-12-01 13:05:18 +0000  App Store Connect versions response: <DVTITunesConnectVersionsResponse: 0xc6d479440; isSuccessful='1', errors='(null)', warnings='(null)', infoMessages='(null)', versions='(
)'>; error: (null)
2025-12-01 13:05:19 +0000  App Store Connect request for store configuration for credential <DVTFoundation.DVTServicesSessionProviderCredential: 0xc6ce8a520>; configuration: <DVTITunesConnectConfigurationResponse: 0xc6c8c5c40; isSuccessful='1', configuration='{
    FX2M56Q5GV =     {
        "com.apple.platform.appletvos" =         {
            architectures =             {
                defaultArch =                 {
                    defaultProductType =                     {
                        format =                         {
                            bitCode =                             {
                                supportLevel = unsupported;
                            };
                            compiledCode =                             {
                                supportLevel = required;
                            };
                        };
                    };
                };
            };
            iconSource =             {
                largeAppIcon = carInBinary;
                primaryIcons = carInBinary;
            };
            onDemandResources =             {
                sizeLimits =                 {
                    assetPack = 512000000;
                    prioritizedTotal = 2000000000;
                    total = 20000000000;
                };
                supportLevel = supported;
            };
        };
        "com.apple.platform.iphoneos" =         {
            architectures =             {
                defaultArch =                 {
                    defaultProductType =                     {
                        format =                         {
                            bitCode =                             {
                                supportLevel = unsupported;
                            };
                            compiledCode =                             {
                                supportLevel = required;
                            };
                        };
                    };
                };
            };
            iconSource =             {
                largeAppIcon = unsupported;
                primaryIcons = pngInBinary;
            };
            onDemandResources =             {
                sizeLimits =                 {
                    assetPack = 512000000;
                    total = 20000000000;
                };
                supportLevel = supported;
            };
        };
        "com.apple.platform.macosx" =         {
            architectures =             {
                defaultArch =                 {
                    defaultProductType =                     {
                        format =                         {
                            bitCode =                             {
                                supportLevel = unsupported;
                            };
                            compiledCode =                             {
                                supportLevel = required;
                            };
                        };
                    };
                };
            };
            iconSource =             {
                largeAppIcon = pngInBinary;
                primaryIcons = pngInBinary;
            };
            onDemandResources =             {
                supportLevel = unsupported;
            };
        };
        "com.apple.platform.watchos" =         {
            architectures =             {
                defaultArch =                 {
                    defaultProductType =                     {
                        format =                         {
                            bitCode =                             {
                                supportLevel = unsupported;
                            };
                            compiledCode =                             {
                                supportLevel = required;
                            };
                        };
                    };
                };
            };
            iconSource =             {
                largeAppIcon = unsupported;
                primaryIcons = pngInBinary;
            };
            onDemandResources =             {
                supportLevel = unsupported;
            };
        };
        "com.apple.platform.xros" =         {
            architectures =             {
                defaultArch =                 {
                    defaultProductType =                     {
                        format =                         {
                            bitCode =                             {
                                supportLevel = unsupported;
                            };
                            compiledCode =                             {
                                supportLevel = required;
                            };
                        };
                    };
                };
            };
            iconSource =             {
                largeAppIcon = carInBinary;
                primaryIcons = carInBinary;
            };
            onDemandResources =             {
                supportLevel = unsupported;
            };
        };
        configModelVersion = "1.1";
    };
    preflight =     (
        FX2M56Q5GV
    );
}', alertMessage='(null)', errors='(null)', warnings='(null)', infoMessages='(null)'>; error (null)
