2025-12-01 13:05:20 +0000  AppsService: will send request: Apps.apps_getCollection: GET /provider/bea9634a-8062-4f6b-b236-7e494321c8c3/v1/apps?fields[iosAppToMacAppStoreOptInSetting]=isOptedInToDistributeIosAppOnMacAppStore&limit[appStoreVersions]=10&sort=name&fields[appStoreVersions]=platform,storeIcon,versionString&fields[apps]=name,bundleId,appStoreVersions,iosAppToMacAppStoreOptInSetting,removed&filter[bundleId]=com.mercury.serenity.us&limit=100&include=appStoreVersions,iosAppToMacAppStoreOptInSetting
2025-12-01 13:05:21 +0000  APIClient (name: ) got status code 200 to a GET request to URL: https://appstoreconnect.apple.com/iris/provider/bea9634a-8062-4f6b-b236-7e494321c8c3/v1/apps?fields%5BappStoreVersions%5D=platform,storeIcon,versionString&fields%5Bapps%5D=name,bundleId,appStoreVersions,iosAppToMacAppStoreOptInSetting,removed&fields%5BiosAppToMacAppStoreOptInSetting%5D=isOptedInToDistributeIosAppOnMacAppStore&filter%5BbundleId%5D=com.mercury.serenity.us&include=appStoreVersions,iosAppToMacAppStoreOptInSetting&limit=100&limit%5BappStoreVersions%5D=10&sort=name
2025-12-01 13:05:21 +0000  AppsService: received response: 200 success
---
Headers:
'x-daiquiri-rate-limit-user': 'user-hour-lim:10000;user-hour-rem:9999;'
'Content-Type': 'application/json'
'apple-originating-system': 'UnknownOriginatingSystem'
'Date': 'Mon, 01 Dec 2025 13:05:21 GMT'
'x-unicorn-originated': 'true'
'cdn-server': 'ksft'
'x-b3-traceid': 'e9cbb976583b6bb6'
'b3': 'b80f9a09cb0658ff1ac2342fa747aa13-3ff2fe91deed082f'
'x-content-type-options': 'nosniff'
'Content-Length': '2876'
'x-cache-status': 'MISS from KS-CLOUD-FZ-CT-321-59, MISS from KS-CLOUD-XM-MP-02-08, MISS from KS-CLOUD-JN-CM-103-13'
'x-apple-request-uuid': 'b80f9a09-cb06-58ff-1ac2-342fa747aa13'
'x-b3-spanid': '3ff2fe91deed082f'
'x-frame-options': 'SAMEORIGIN'
'Strict-Transport-Security': 'max-age=31536000; includeSubDomains; preload'
'x-apple-jingle-correlation-key': 'XAHZUCOLAZMP6GWCGQX2OR5KCM'
'Accept-Ranges': 'bytes'
'x-cache': 'MISS KS-CLOUD'
'apple-seq': '0.0'
'apple-timing-app': '96 ms'
'Set-Cookie': 'dqsid=eyJ0eXAiOiJKV1QiLCJhbGciOiJIUzI1NiJ9.eyJpYXQiOjE3NjQ1OTQzMjAsImp0aSI6ImxYaHUyVWpEZnJ5bmxBVVNlWWN0SFEifQ.1X7aohaNzS2ws4JGXY5byj83LrTv88PFiiKe-Hwk21U; Max-Age=1800; Expires=Mon, 01 Dec 2025 13:35:20 GMT; Path=/; Secure; HTTPOnly'
'apple-tk': 'false'
'x-content-security-policy': 'script-src 'self' *.apple.com'
'x-link-via': 'jncm103:443;xmmp02:443;fzct321:443;'
'x-xss-protection': '1; mode=block'
'x-b3-parentspanid': 'eb89354a3bcc6416'
'x-ksc-request-id': 'ee44a7a51816bfab2a8bb87dae62561a'
'x-cdn-request-id': 'ee44a7a51816bfab2a8bb87dae62561a'
'x-daiquiri-rate-limit-timing-user': '0'
'Server': 'nginx'
'x-responding-instance': 'ac-gateway-api:ac-gateway-api-main-79c8996784-vv269:ac-gateway-api-main-79c8996784-vv269:-1::::'
'x-daiquiri-instance': 'daiquiri:15751001:mr36p00it-hyhk07174801:7987:25RELEASE148:daiquiri-amp-dsce-asc-int-002-mr, daiquiri:15751001:mr36p00it-hyhk07174801:7987:25RELEASE148:daiquiri-amp-dsce-asc-int-002-mr, daiquiri:18493001:mr85p00it-hyhk03154801:7987:25RELEASE148:daiquiri-amp-all-shared-ext-001-mr'
---
Data:
AppStoreConnectAppsResponse(data: [XCServices.AppStoreConnectApp(id: "6755917043", type: XCServices.AppStoreConnectApp.AppStoreConnectType.apps, attributes: Optional(XCServices.AppStoreConnectApp.Attributes(bundleId: Optional("com.mercury.serenity.us"), bundleIdReferenceName: nil, contentRightsDeclaration: nil, gracRatingClassificationNumber: nil, isArcade: nil, isOrEverWasMadeForKids: nil, marketplace: nil, name: Optional("Lumea: Focus & Digital Calm"), primaryLocale: nil, removed: Optional(false), removedDate: nil, sku: nil, storeUrl: nil, subscriptionStatusUrl: nil, subscriptionStatusUrlForSandbox: nil, subscriptionStatusUrlVersion: nil, subscriptionStatusUrlVersionForSandbox: nil)), links: Optional(XCServices.AppStoreConnectResourceLinks(_self: Optional("https://appstoreconnect.apple.com/iris/provider/bea9634a-8062-4f6b-b236-7e494321c8c3/v1/apps/6755917043"))), relationships: Optional(XCServices.AppStoreConnectApp.Relationships(appAvailability: nil, appInfos: nil, appSharedSecrets: nil, appStoreVersions: Optional(XCServices.AppStoreConnectApp.Relationships.AppStoreVersions(data: Optional([XCServices.AppStoreConnectApp.Relationships.AppStoreVersions.DataType(id: "321aabad-a6f3-4222-a35a-1819fc84fbb6", type: XCServices.AppStoreConnectApp.Relationships.AppStoreVersions.DataType.AppStoreConnectType.appStoreVersions)]), links: Optional(XCServices.AppStoreConnectRelationshipLinks(related: Optional("https://appstoreconnect.apple.com/iris/provider/bea9634a-8062-4f6b-b236-7e494321c8c3/v1/apps/6755917043/appStoreVersions"), _self: Optional("https://appstoreconnect.apple.com/iris/provider/bea9634a-8062-4f6b-b236-7e494321c8c3/v1/apps/6755917043/relationships/appStoreVersions"))), meta: Optional(XCServices.AppStoreConnectPagingInformation(paging: XCServices.AppStoreConnectPagingInformation.Paging(limit: 10, total: Optional(1)))))), betaTesters: nil, builds: nil, displayableVersions: nil, inAppPurchasesV2: nil, iosAppToMacAppStoreOptInSetting: Optional(XCServices.AppStoreConnectApp.Relationships.IosAppToMacAppStoreOptInSetting(data: Optional(XCServices.AppStoreConnectApp.Relationships.IosAppToMacAppStoreOptInSetting.DataType(id: "6755917043", type: XCServices.AppStoreConnectApp.Relationships.IosAppToMacAppStoreOptInSetting.DataType.AppStoreConnectType.iosAppToMacAppStoreOptInSetting)), links: Optional(XCServices.AppStoreConnectRelationshipLinks(related: Optional("https://appstoreconnect.apple.com/iris/provider/bea9634a-8062-4f6b-b236-7e494321c8c3/v1/apps/6755917043/iosAppToMacAppStoreOptInSetting"), _self: Optional("https://appstoreconnect.apple.com/iris/provider/bea9634a-8062-4f6b-b236-7e494321c8c3/v1/apps/6755917043/relationships/iosAppToMacAppStoreOptInSetting"))))), preReleaseVersions: nil, promotedPurchases: nil, subscriptionGroups: nil)))], links: XCServices.AppStoreConnectPagedDocumentLinks(_self: "https://appstoreconnect.apple.com/iris/provider/bea9634a-8062-4f6b-b236-7e494321c8c3/v1/apps?fields%5BiosAppToMacAppStoreOptInSetting%5D=isOptedInToDistributeIosAppOnMacAppStore&fields%5BappStoreVersions%5D=versionString%2Cplatform%2CstoreIcon&fields%5Bapps%5D=iosAppToMacAppStoreOptInSetting%2Cremoved%2CappStoreVersions%2Cname%2CbundleId&filter%5BbundleId%5D=com.mercury.serenity.us&include=iosAppToMacAppStoreOptInSetting%2CappStoreVersions&limit%5BappStoreVersions%5D=10&sort=name&limit=100", first: nil, next: nil), included: Optional([XCServices.AppStoreConnectAppsResponse.Included.appStoreVersion(XCServices.AppStoreConnectAppStoreVersion(id: "321aabad-a6f3-4222-a35a-1819fc84fbb6", type: XCServices.AppStoreConnectAppStoreVersion.AppStoreConnectType.appStoreVersions, attributes: Optional(XCServices.AppStoreConnectAppStoreVersion.Attributes(appStoreState: nil, appVersionState: nil, copyright: nil, createdDate: nil, downloadable: nil, earliestReleaseDate: nil, isWatchOnly: nil, platform: Optional(XCServices.AppStoreConnectPlatform.ios), releaseType: nil, storeIcon: nil, usesIdfa: nil, versionString: Optional("1.0.1"), watchStoreIcon: nil)), links: Optional(XCServices.AppStoreConnectResourceLinks(_self: Optional("https://appstoreconnect.apple.com/iris/provider/bea9634a-8062-4f6b-b236-7e494321c8c3/v1/appStoreVersions/321aabad-a6f3-4222-a35a-1819fc84fbb6"))), relationships: nil)), XCServices.AppStoreConnectAppsResponse.Included.iosAppToMacAppStoreOptInSetting(XCServices.AppStoreConnectIosAppToMacAppStoreOptInSetting(id: "6755917043", type: XCServices.AppStoreConnectIosAppToMacAppStoreOptInSetting.AppStoreConnectType.iosAppToMacAppStoreOptInSetting, attributes: Optional(XCServices.AppStoreConnectIosAppToMacAppStoreOptInSetting.Attributes(automaticMinMacOsVersion: nil, isOptedInToDistributeIosAppOnMacAppStore: Optional(true), isVerifiedForMacOs: nil, minMacOsVersionToSupport: nil, supportedMacOsVersions: nil)), links: Optional(XCServices.AppStoreConnectResourceLinks(_self: Optional("https://appstoreconnect.apple.com/iris/provider/bea9634a-8062-4f6b-b236-7e494321c8c3/v1/iosAppToMacAppStoreOptInSetting/6755917043"))), relationships: nil))]), meta: Optional(XCServices.AppStoreConnectPagingInformation(paging: XCServices.AppStoreConnectPagingInformation.Paging(limit: 100, total: Optional(1)))))
---
2025-12-01 13:05:21 +0000  AppsService: fetched 1 items, total 1 items, has next page URL: false
