2025-12-01 13:05:17 +0000 [MT] Beginning distribution assistant for archive: 锚点 US, task: 2
2025-12-01 13:05:17 +0000 [MT] state.isLastStepViewControllerNameKnown = 0
2025-12-01 13:05:17 +0000 [MT] state.isLastStepViewControllerNameKnown = 0
2025-12-01 13:05:18 +0000 [MT] Proceeding to distribution step IDEDistributionPlanDriverStepViewController, context: <IDEDistributionContext: 0x8ab094c80; archive(resolved)="<IDEArchive: 0x89e14b6b0>", distributionTask(resolved)="2", distributionDestination(resolved)="(null)", distributionMethod(resolved)="(null)", team(resolved)="(null)">
	Chain (3, self inclusive):
	<IDEDistributionContext: 0x8ab094c80; archive = "<IDEArchive: 0x89e14b6b0>", distributionMethod="(null)", team="(null)">
	<IDEDistributionContext: 0x8ab09e300; archive = "<IDEArchive: 0x89e14b6b0>", distributionMethod="(null)", team="(null)">
	<IDEDistributionContext: 0x8ab09e080; archive = "<IDEArchive: 0x89e14b6b0>", distributionMethod="(null)", team="(null)">
</IDEDistributionContext: 0x8ab094c80>
2025-12-01 13:05:18 +0000 [MT] state.isLastStepViewControllerNameKnown = 0
2025-12-01 13:05:18 +0000  Starting export with options: {"method":"app-store-connect","stripSwiftSymbols":true,"destination":"upload","raiseProfileSupportOptionalToRequired":false,"uploadSymbols":true,"testFlightInternalTestingOnly":true,"thinning":"<none>","embedOnDemandResourcesAssetPacksInBundle":false,"generateAppStoreInformation":false,"signingStyle":"automatic","manageAppVersionAndBuildNumber":true}
2025-12-01 13:05:18 +0000  Running step: IDEDistributionAnalyzeArchiveStep with <IDEDistributionContext: 0x8ab095e00; archive(resolved)="<IDEArchive: 0x89e14b6b0>", distributionTask(resolved)="2", distributionDestination(resolved)="2", distributionMethod(resolved)="<IDEDistributionMethodiOSAppStoreDistribution: 0x88f5444f0>", team(resolved)="(null)">
	Chain (5, self inclusive):
	<IDEDistributionContext: 0x8ab095e00; archive = "<IDEArchive: 0x89e14b6b0>", distributionMethod="<IDEDistributionMethodiOSAppStoreDistribution: 0x88f5444f0>", team="(null)">
	<IDEDistributionContext: 0x8ab096080; archive = "<IDEArchive: 0x89e14b6b0>", distributionMethod="<IDEDistributionMethodiOSAppStoreDistribution: 0x88f5444f0>", team="(null)">
	<IDEDistributionContext: 0x8ab094c80; archive = "<IDEArchive: 0x89e14b6b0>", distributionMethod="(null)", team="(null)">
	<IDEDistributionContext: 0x8ab09e300; archive = "<IDEArchive: 0x89e14b6b0>", distributionMethod="(null)", team="(null)">
	<IDEDistributionContext: 0x8ab09e080; archive = "<IDEArchive: 0x89e14b6b0>", distributionMethod="(null)", team="(null)">
</IDEDistributionContext: 0x8ab095e00>
2025-12-01 13:05:18 +0000  Running step: IDEDistributionTeamStep with <IDEDistributionContext: 0x8ab097c00; archive(resolved)="<IDEArchive: 0x89e14b6b0>", distributionTask(resolved)="2", distributionDestination(resolved)="2", distributionMethod(resolved)="<IDEDistributionMethodiOSAppStoreDistribution: 0x88f5444f0>", team(resolved)="<IDEProvisioningDisambiguatableBasicTeam: 0x8959c8f40; teamID='FX2M56Q5GV', teamName='Daniel Lee', teamType='Individual', username='2945235656@qq.com', isFreeProvisioningTeam='0'>">
	Chain (6, self inclusive):
	<IDEDistributionContext: 0x8ab097c00; archive = "<IDEArchive: 0x89e14b6b0>", distributionMethod="<IDEDistributionMethodiOSAppStoreDistribution: 0x88f5444f0>", team="<IDEProvisioningDisambiguatableBasicTeam: 0x8959c8f40; teamID='FX2M56Q5GV', teamName='Daniel Lee', teamType='Individual', username='2945235656@qq.com', isFreeProvisioningTeam='0'>">
	<IDEDistributionContext: 0x8ab095e00; archive = "<IDEArchive: 0x89e14b6b0>", distributionMethod="<IDEDistributionMethodiOSAppStoreDistribution: 0x88f5444f0>", team="(null)">
	<IDEDistributionContext: 0x8ab096080; archive = "<IDEArchive: 0x89e14b6b0>", distributionMethod="<IDEDistributionMethodiOSAppStoreDistribution: 0x88f5444f0>", team="(null)">
	<IDEDistributionContext: 0x8ab094c80; archive = "<IDEArchive: 0x89e14b6b0>", distributionMethod="(null)", team="(null)">
	<IDEDistributionContext: 0x8ab09e300; archive = "<IDEArchive: 0x89e14b6b0>", distributionMethod="(null)", team="(null)">
	<IDEDistributionContext: 0x8ab09e080; archive = "<IDEArchive: 0x89e14b6b0>", distributionMethod="(null)", team="(null)">
</IDEDistributionContext: 0x8ab097c00>
2025-12-01 13:05:18 +0000  Running step: IDEDistributionUploadAccountStep with <IDEDistributionContext: 0x8ab096a80; archive(resolved)="<IDEArchive: 0x89e14b6b0>", distributionTask(resolved)="2", distributionDestination(resolved)="2", distributionMethod(resolved)="<IDEDistributionMethodiOSAppStoreDistribution: 0x88f5444f0>", team(resolved)="<IDEProvisioningDisambiguatableBasicTeam: 0x8959c8f40; teamID='FX2M56Q5GV', teamName='Daniel Lee', teamType='Individual', username='2945235656@qq.com', isFreeProvisioningTeam='0'>">
	Chain (7, self inclusive):
	<IDEDistributionContext: 0x8ab096a80; archive = "<IDEArchive: 0x89e14b6b0>", distributionMethod="<IDEDistributionMethodiOSAppStoreDistribution: 0x88f5444f0>", team="<IDEProvisioningDisambiguatableBasicTeam: 0x8959c8f40; teamID='FX2M56Q5GV', teamName='Daniel Lee', teamType='Individual', username='2945235656@qq.com', isFreeProvisioningTeam='0'>">
	<IDEDistributionContext: 0x8ab097c00; archive = "<IDEArchive: 0x89e14b6b0>", distributionMethod="<IDEDistributionMethodiOSAppStoreDistribution: 0x88f5444f0>", team="<IDEProvisioningDisambiguatableBasicTeam: 0x8959c8f40; teamID='FX2M56Q5GV', teamName='Daniel Lee', teamType='Individual', username='2945235656@qq.com', isFreeProvisioningTeam='0'>">
	<IDEDistributionContext: 0x8ab095e00; archive = "<IDEArchive: 0x89e14b6b0>", distributionMethod="<IDEDistributionMethodiOSAppStoreDistribution: 0x88f5444f0>", team="(null)">
	<IDEDistributionContext: 0x8ab096080; archive = "<IDEArchive: 0x89e14b6b0>", distributionMethod="<IDEDistributionMethodiOSAppStoreDistribution: 0x88f5444f0>", team="(null)">
	<IDEDistributionContext: 0x8ab094c80; archive = "<IDEArchive: 0x89e14b6b0>", distributionMethod="(null)", team="(null)">
	<IDEDistributionContext: 0x8ab09e300; archive = "<IDEArchive: 0x89e14b6b0>", distributionMethod="(null)", team="(null)">
	<IDEDistributionContext: 0x8ab09e080; archive = "<IDEArchive: 0x89e14b6b0>", distributionMethod="(null)", team="(null)">
</IDEDistributionContext: 0x8ab096a80>
2025-12-01 13:05:20 +0000  Running step: IDEDistributionFetchAppRecordStep with <IDEDistributionContext: 0x8ab096d00; archive(resolved)="<IDEArchive: 0x89e14b6b0>", distributionTask(resolved)="2", distributionDestination(resolved)="2", distributionMethod(resolved)="<IDEDistributionMethodiOSAppStoreDistribution: 0x88f5444f0>", team(resolved)="<IDEProvisioningDisambiguatableBasicTeam: 0x8959c8f40; teamID='FX2M56Q5GV', teamName='Daniel Lee', teamType='Individual', username='2945235656@qq.com', isFreeProvisioningTeam='0'>">
	Chain (8, self inclusive):
	<IDEDistributionContext: 0x8ab096d00; archive = "<IDEArchive: 0x89e14b6b0>", distributionMethod="<IDEDistributionMethodiOSAppStoreDistribution: 0x88f5444f0>", team="<IDEProvisioningDisambiguatableBasicTeam: 0x8959c8f40; teamID='FX2M56Q5GV', teamName='Daniel Lee', teamType='Individual', username='2945235656@qq.com', isFreeProvisioningTeam='0'>">
	<IDEDistributionContext: 0x8ab096a80; archive = "<IDEArchive: 0x89e14b6b0>", distributionMethod="<IDEDistributionMethodiOSAppStoreDistribution: 0x88f5444f0>", team="<IDEProvisioningDisambiguatableBasicTeam: 0x8959c8f40; teamID='FX2M56Q5GV', teamName='Daniel Lee', teamType='Individual', username='2945235656@qq.com', isFreeProvisioningTeam='0'>">
	<IDEDistributionContext: 0x8ab097c00; archive = "<IDEArchive: 0x89e14b6b0>", distributionMethod="<IDEDistributionMethodiOSAppStoreDistribution: 0x88f5444f0>", team="<IDEProvisioningDisambiguatableBasicTeam: 0x8959c8f40; teamID='FX2M56Q5GV', teamName='Daniel Lee', teamType='Individual', username='2945235656@qq.com', isFreeProvisioningTeam='0'>">
	<IDEDistributionContext: 0x8ab095e00; archive = "<IDEArchive: 0x89e14b6b0>", distributionMethod="<IDEDistributionMethodiOSAppStoreDistribution: 0x88f5444f0>", team="(null)">
	<IDEDistributionContext: 0x8ab096080; archive = "<IDEArchive: 0x89e14b6b0>", distributionMethod="<IDEDistributionMethodiOSAppStoreDistribution: 0x88f5444f0>", team="(null)">
	<IDEDistributionContext: 0x8ab094c80; archive = "<IDEArchive: 0x89e14b6b0>", distributionMethod="(null)", team="(null)">
	<IDEDistributionContext: 0x8ab09e300; archive = "<IDEArchive: 0x89e14b6b0>", distributionMethod="(null)", team="(null)">
	<IDEDistributionContext: 0x8ab09e080; archive = "<IDEArchive: 0x89e14b6b0>", distributionMethod="(null)", team="(null)">
</IDEDistributionContext: 0x8ab096d00>
2025-12-01 13:05:21 +0000  Running step: IDEDistributionCreateAppRecordStep with <IDEDistributionContext: 0x8a0b43700; archive(resolved)="<IDEArchive: 0x89e14b6b0>", distributionTask(resolved)="2", distributionDestination(resolved)="2", distributionMethod(resolved)="<IDEDistributionMethodiOSAppStoreDistribution: 0x88f5444f0>", team(resolved)="<IDEProvisioningDisambiguatableBasicTeam: 0x8959c8f40; teamID='FX2M56Q5GV', teamName='Daniel Lee', teamType='Individual', username='2945235656@qq.com', isFreeProvisioningTeam='0'>">
	Chain (9, self inclusive):
	<IDEDistributionContext: 0x8a0b43700; archive = "<IDEArchive: 0x89e14b6b0>", distributionMethod="<IDEDistributionMethodiOSAppStoreDistribution: 0x88f5444f0>", team="<IDEProvisioningDisambiguatableBasicTeam: 0x8959c8f40; teamID='FX2M56Q5GV', teamName='Daniel Lee', teamType='Individual', username='2945235656@qq.com', isFreeProvisioningTeam='0'>">
	<IDEDistributionContext: 0x8ab096d00; archive = "<IDEArchive: 0x89e14b6b0>", distributionMethod="<IDEDistributionMethodiOSAppStoreDistribution: 0x88f5444f0>", team="<IDEProvisioningDisambiguatableBasicTeam: 0x8959c8f40; teamID='FX2M56Q5GV', teamName='Daniel Lee', teamType='Individual', username='2945235656@qq.com', isFreeProvisioningTeam='0'>">
	<IDEDistributionContext: 0x8ab096a80; archive = "<IDEArchive: 0x89e14b6b0>", distributionMethod="<IDEDistributionMethodiOSAppStoreDistribution: 0x88f5444f0>", team="<IDEProvisioningDisambiguatableBasicTeam: 0x8959c8f40; teamID='FX2M56Q5GV', teamName='Daniel Lee', teamType='Individual', username='2945235656@qq.com', isFreeProvisioningTeam='0'>">
	<IDEDistributionContext: 0x8ab097c00; archive = "<IDEArchive: 0x89e14b6b0>", distributionMethod="<IDEDistributionMethodiOSAppStoreDistribution: 0x88f5444f0>", team="<IDEProvisioningDisambiguatableBasicTeam: 0x8959c8f40; teamID='FX2M56Q5GV', teamName='Daniel Lee', teamType='Individual', username='2945235656@qq.com', isFreeProvisioningTeam='0'>">
	<IDEDistributionContext: 0x8ab095e00; archive = "<IDEArchive: 0x89e14b6b0>", distributionMethod="<IDEDistributionMethodiOSAppStoreDistribution: 0x88f5444f0>", team="(null)">
	<IDEDistributionContext: 0x8ab096080; archive = "<IDEArchive: 0x89e14b6b0>", distributionMethod="<IDEDistributionMethodiOSAppStoreDistribution: 0x88f5444f0>", team="(null)">
	<IDEDistributionContext: 0x8ab094c80; archive = "<IDEArchive: 0x89e14b6b0>", distributionMethod="(null)", team="(null)">
	<IDEDistributionContext: 0x8ab09e300; archive = "<IDEArchive: 0x89e14b6b0>", distributionMethod="(null)", team="(null)">
	<IDEDistributionContext: 0x8ab09e080; archive = "<IDEArchive: 0x89e14b6b0>", distributionMethod="(null)", team="(null)">
</IDEDistributionContext: 0x8a0b43700>
2025-12-01 13:05:21 +0000  Running step: IDEDistributionAnalyzeVersionStep with <IDEDistributionContext: 0x8a0b42580; archive(resolved)="<IDEArchive: 0x89e14b6b0>", distributionTask(resolved)="2", distributionDestination(resolved)="2", distributionMethod(resolved)="<IDEDistributionMethodiOSAppStoreDistribution: 0x88f5444f0>", team(resolved)="<IDEProvisioningDisambiguatableBasicTeam: 0x8959c8f40; teamID='FX2M56Q5GV', teamName='Daniel Lee', teamType='Individual', username='2945235656@qq.com', isFreeProvisioningTeam='0'>">
	Chain (10, self inclusive):
	<IDEDistributionContext: 0x8a0b42580; archive = "<IDEArchive: 0x89e14b6b0>", distributionMethod="<IDEDistributionMethodiOSAppStoreDistribution: 0x88f5444f0>", team="<IDEProvisioningDisambiguatableBasicTeam: 0x8959c8f40; teamID='FX2M56Q5GV', teamName='Daniel Lee', teamType='Individual', username='2945235656@qq.com', isFreeProvisioningTeam='0'>">
	<IDEDistributionContext: 0x8a0b43700; archive = "<IDEArchive: 0x89e14b6b0>", distributionMethod="<IDEDistributionMethodiOSAppStoreDistribution: 0x88f5444f0>", team="<IDEProvisioningDisambiguatableBasicTeam: 0x8959c8f40; teamID='FX2M56Q5GV', teamName='Daniel Lee', teamType='Individual', username='2945235656@qq.com', isFreeProvisioningTeam='0'>">
	<IDEDistributionContext: 0x8ab096d00; archive = "<IDEArchive: 0x89e14b6b0>", distributionMethod="<IDEDistributionMethodiOSAppStoreDistribution: 0x88f5444f0>", team="<IDEProvisioningDisambiguatableBasicTeam: 0x8959c8f40; teamID='FX2M56Q5GV', teamName='Daniel Lee', teamType='Individual', username='2945235656@qq.com', isFreeProvisioningTeam='0'>">
	<IDEDistributionContext: 0x8ab096a80; archive = "<IDEArchive: 0x89e14b6b0>", distributionMethod="<IDEDistributionMethodiOSAppStoreDistribution: 0x88f5444f0>", team="<IDEProvisioningDisambiguatableBasicTeam: 0x8959c8f40; teamID='FX2M56Q5GV', teamName='Daniel Lee', teamType='Individual', username='2945235656@qq.com', isFreeProvisioningTeam='0'>">
	<IDEDistributionContext: 0x8ab097c00; archive = "<IDEArchive: 0x89e14b6b0>", distributionMethod="<IDEDistributionMethodiOSAppStoreDistribution: 0x88f5444f0>", team="<IDEProvisioningDisambiguatableBasicTeam: 0x8959c8f40; teamID='FX2M56Q5GV', teamName='Daniel Lee', teamType='Individual', username='2945235656@qq.com', isFreeProvisioningTeam='0'>">
	<IDEDistributionContext: 0x8ab095e00; archive = "<IDEArchive: 0x89e14b6b0>", distributionMethod="<IDEDistributionMethodiOSAppStoreDistribution: 0x88f5444f0>", team="(null)">
	<IDEDistributionContext: 0x8ab096080; archive = "<IDEArchive: 0x89e14b6b0>", distributionMethod="<IDEDistributionMethodiOSAppStoreDistribution: 0x88f5444f0>", team="(null)">
	<IDEDistributionContext: 0x8ab094c80; archive = "<IDEArchive: 0x89e14b6b0>", distributionMethod="(null)", team="(null)">
	<IDEDistributionContext: 0x8ab09e300; archive = "<IDEArchive: 0x89e14b6b0>", distributionMethod="(null)", team="(null)">
	<IDEDistributionContext: 0x8ab09e080; archive = "<IDEArchive: 0x89e14b6b0>", distributionMethod="(null)", team="(null)">
</IDEDistributionContext: 0x8a0b42580>
2025-12-01 13:05:22 +0000  Found build number for app record.
2025-12-01 13:05:22 +0000  Running step: IDEDistributionOptionsStep with <IDEDistributionContext: 0x8a0b41900; archive(resolved)="<IDEArchive: 0x89e14b6b0>", distributionTask(resolved)="2", distributionDestination(resolved)="2", distributionMethod(resolved)="<IDEDistributionMethodiOSAppStoreDistribution: 0x88f5444f0>", team(resolved)="<IDEProvisioningDisambiguatableBasicTeam: 0x8959c8f40; teamID='FX2M56Q5GV', teamName='Daniel Lee', teamType='Individual', username='2945235656@qq.com', isFreeProvisioningTeam='0'>">
	Chain (11, self inclusive):
	<IDEDistributionContext: 0x8a0b41900; archive = "<IDEArchive: 0x89e14b6b0>", distributionMethod="<IDEDistributionMethodiOSAppStoreDistribution: 0x88f5444f0>", team="<IDEProvisioningDisambiguatableBasicTeam: 0x8959c8f40; teamID='FX2M56Q5GV', teamName='Daniel Lee', teamType='Individual', username='2945235656@qq.com', isFreeProvisioningTeam='0'>">
	<IDEDistributionContext: 0x8a0b42580; archive = "<IDEArchive: 0x89e14b6b0>", distributionMethod="<IDEDistributionMethodiOSAppStoreDistribution: 0x88f5444f0>", team="<IDEProvisioningDisambiguatableBasicTeam: 0x8959c8f40; teamID='FX2M56Q5GV', teamName='Daniel Lee', teamType='Individual', username='2945235656@qq.com', isFreeProvisioningTeam='0'>">
	<IDEDistributionContext: 0x8a0b43700; archive = "<IDEArchive: 0x89e14b6b0>", distributionMethod="<IDEDistributionMethodiOSAppStoreDistribution: 0x88f5444f0>", team="<IDEProvisioningDisambiguatableBasicTeam: 0x8959c8f40; teamID='FX2M56Q5GV', teamName='Daniel Lee', teamType='Individual', username='2945235656@qq.com', isFreeProvisioningTeam='0'>">
	<IDEDistributionContext: 0x8ab096d00; archive = "<IDEArchive: 0x89e14b6b0>", distributionMethod="<IDEDistributionMethodiOSAppStoreDistribution: 0x88f5444f0>", team="<IDEProvisioningDisambiguatableBasicTeam: 0x8959c8f40; teamID='FX2M56Q5GV', teamName='Daniel Lee', teamType='Individual', username='2945235656@qq.com', isFreeProvisioningTeam='0'>">
	<IDEDistributionContext: 0x8ab096a80; archive = "<IDEArchive: 0x89e14b6b0>", distributionMethod="<IDEDistributionMethodiOSAppStoreDistribution: 0x88f5444f0>", team="<IDEProvisioningDisambiguatableBasicTeam: 0x8959c8f40; teamID='FX2M56Q5GV', teamName='Daniel Lee', teamType='Individual', username='2945235656@qq.com', isFreeProvisioningTeam='0'>">
	<IDEDistributionContext: 0x8ab097c00; archive = "<IDEArchive: 0x89e14b6b0>", distributionMethod="<IDEDistributionMethodiOSAppStoreDistribution: 0x88f5444f0>", team="<IDEProvisioningDisambiguatableBasicTeam: 0x8959c8f40; teamID='FX2M56Q5GV', teamName='Daniel Lee', teamType='Individual', username='2945235656@qq.com', isFreeProvisioningTeam='0'>">
	<IDEDistributionContext: 0x8ab095e00; archive = "<IDEArchive: 0x89e14b6b0>", distributionMethod="<IDEDistributionMethodiOSAppStoreDistribution: 0x88f5444f0>", team="(null)">
	<IDEDistributionContext: 0x8ab096080; archive = "<IDEArchive: 0x89e14b6b0>", distributionMethod="<IDEDistributionMethodiOSAppStoreDistribution: 0x88f5444f0>", team="(null)">
	<IDEDistributionContext: 0x8ab094c80; archive = "<IDEArchive: 0x89e14b6b0>", distributionMethod="(null)", team="(null)">
	<IDEDistributionContext: 0x8ab09e300; archive = "<IDEArchive: 0x89e14b6b0>", distributionMethod="(null)", team="(null)">
	<IDEDistributionContext: 0x8ab09e080; archive = "<IDEArchive: 0x89e14b6b0>", distributionMethod="(null)", team="(null)">
</IDEDistributionContext: 0x8a0b41900>
2025-12-01 13:05:22 +0000  Running step: IDEDistributionSigningMethodStep with <IDEDistributionContext: 0x8ab09af80; archive(resolved)="<IDEArchive: 0x89e14b6b0>", distributionTask(resolved)="2", distributionDestination(resolved)="2", distributionMethod(resolved)="<IDEDistributionMethodiOSAppStoreDistribution: 0x88f5444f0>", team(resolved)="<IDEProvisioningDisambiguatableBasicTeam: 0x8959c8f40; teamID='FX2M56Q5GV', teamName='Daniel Lee', teamType='Individual', username='2945235656@qq.com', isFreeProvisioningTeam='0'>">
	Chain (12, self inclusive):
	<IDEDistributionContext: 0x8ab09af80; archive = "<IDEArchive: 0x89e14b6b0>", distributionMethod="<IDEDistributionMethodiOSAppStoreDistribution: 0x88f5444f0>", team="<IDEProvisioningDisambiguatableBasicTeam: 0x8959c8f40; teamID='FX2M56Q5GV', teamName='Daniel Lee', teamType='Individual', username='2945235656@qq.com', isFreeProvisioningTeam='0'>">
	<IDEDistributionContext: 0x8a0b41900; archive = "<IDEArchive: 0x89e14b6b0>", distributionMethod="<IDEDistributionMethodiOSAppStoreDistribution: 0x88f5444f0>", team="<IDEProvisioningDisambiguatableBasicTeam: 0x8959c8f40; teamID='FX2M56Q5GV', teamName='Daniel Lee', teamType='Individual', username='2945235656@qq.com', isFreeProvisioningTeam='0'>">
	<IDEDistributionContext: 0x8a0b42580; archive = "<IDEArchive: 0x89e14b6b0>", distributionMethod="<IDEDistributionMethodiOSAppStoreDistribution: 0x88f5444f0>", team="<IDEProvisioningDisambiguatableBasicTeam: 0x8959c8f40; teamID='FX2M56Q5GV', teamName='Daniel Lee', teamType='Individual', username='2945235656@qq.com', isFreeProvisioningTeam='0'>">
	<IDEDistributionContext: 0x8a0b43700; archive = "<IDEArchive: 0x89e14b6b0>", distributionMethod="<IDEDistributionMethodiOSAppStoreDistribution: 0x88f5444f0>", team="<IDEProvisioningDisambiguatableBasicTeam: 0x8959c8f40; teamID='FX2M56Q5GV', teamName='Daniel Lee', teamType='Individual', username='2945235656@qq.com', isFreeProvisioningTeam='0'>">
	<IDEDistributionContext: 0x8ab096d00; archive = "<IDEArchive: 0x89e14b6b0>", distributionMethod="<IDEDistributionMethodiOSAppStoreDistribution: 0x88f5444f0>", team="<IDEProvisioningDisambiguatableBasicTeam: 0x8959c8f40; teamID='FX2M56Q5GV', teamName='Daniel Lee', teamType='Individual', username='2945235656@qq.com', isFreeProvisioningTeam='0'>">
	<IDEDistributionContext: 0x8ab096a80; archive = "<IDEArchive: 0x89e14b6b0>", distributionMethod="<IDEDistributionMethodiOSAppStoreDistribution: 0x88f5444f0>", team="<IDEProvisioningDisambiguatableBasicTeam: 0x8959c8f40; teamID='FX2M56Q5GV', teamName='Daniel Lee', teamType='Individual', username='2945235656@qq.com', isFreeProvisioningTeam='0'>">
	<IDEDistributionContext: 0x8ab097c00; archive = "<IDEArchive: 0x89e14b6b0>", distributionMethod="<IDEDistributionMethodiOSAppStoreDistribution: 0x88f5444f0>", team="<IDEProvisioningDisambiguatableBasicTeam: 0x8959c8f40; teamID='FX2M56Q5GV', teamName='Daniel Lee', teamType='Individual', username='2945235656@qq.com', isFreeProvisioningTeam='0'>">
	<IDEDistributionContext: 0x8ab095e00; archive = "<IDEArchive: 0x89e14b6b0>", distributionMethod="<IDEDistributionMethodiOSAppStoreDistribution: 0x88f5444f0>", team="(null)">
	<IDEDistributionContext: 0x8ab096080; archive = "<IDEArchive: 0x89e14b6b0>", distributionMethod="<IDEDistributionMethodiOSAppStoreDistribution: 0x88f5444f0>", team="(null)">
	<IDEDistributionContext: 0x8ab094c80; archive = "<IDEArchive: 0x89e14b6b0>", distributionMethod="(null)", team="(null)">
	<IDEDistributionContext: 0x8ab09e300; archive = "<IDEArchive: 0x89e14b6b0>", distributionMethod="(null)", team="(null)">
	<IDEDistributionContext: 0x8ab09e080; archive = "<IDEArchive: 0x89e14b6b0>", distributionMethod="(null)", team="(null)">
</IDEDistributionContext: 0x8ab09af80>
2025-12-01 13:05:22 +0000  Running step: IDEDistributionSigningAssetsStep with <IDEDistributionContext: 0x8ab09a580; archive(resolved)="<IDEArchive: 0x89e14b6b0>", distributionTask(resolved)="2", distributionDestination(resolved)="2", distributionMethod(resolved)="<IDEDistributionMethodiOSAppStoreDistribution: 0x88f5444f0>", team(resolved)="<IDEProvisioningDisambiguatableBasicTeam: 0x8959c8f40; teamID='FX2M56Q5GV', teamName='Daniel Lee', teamType='Individual', username='2945235656@qq.com', isFreeProvisioningTeam='0'>">
	Chain (13, self inclusive):
	<IDEDistributionContext: 0x8ab09a580; archive = "<IDEArchive: 0x89e14b6b0>", distributionMethod="<IDEDistributionMethodiOSAppStoreDistribution: 0x88f5444f0>", team="<IDEProvisioningDisambiguatableBasicTeam: 0x8959c8f40; teamID='FX2M56Q5GV', teamName='Daniel Lee', teamType='Individual', username='2945235656@qq.com', isFreeProvisioningTeam='0'>">
	<IDEDistributionContext: 0x8ab09af80; archive = "<IDEArchive: 0x89e14b6b0>", distributionMethod="<IDEDistributionMethodiOSAppStoreDistribution: 0x88f5444f0>", team="<IDEProvisioningDisambiguatableBasicTeam: 0x8959c8f40; teamID='FX2M56Q5GV', teamName='Daniel Lee', teamType='Individual', username='2945235656@qq.com', isFreeProvisioningTeam='0'>">
	<IDEDistributionContext: 0x8a0b41900; archive = "<IDEArchive: 0x89e14b6b0>", distributionMethod="<IDEDistributionMethodiOSAppStoreDistribution: 0x88f5444f0>", team="<IDEProvisioningDisambiguatableBasicTeam: 0x8959c8f40; teamID='FX2M56Q5GV', teamName='Daniel Lee', teamType='Individual', username='2945235656@qq.com', isFreeProvisioningTeam='0'>">
	<IDEDistributionContext: 0x8a0b42580; archive = "<IDEArchive: 0x89e14b6b0>", distributionMethod="<IDEDistributionMethodiOSAppStoreDistribution: 0x88f5444f0>", team="<IDEProvisioningDisambiguatableBasicTeam: 0x8959c8f40; teamID='FX2M56Q5GV', teamName='Daniel Lee', teamType='Individual', username='2945235656@qq.com', isFreeProvisioningTeam='0'>">
	<IDEDistributionContext: 0x8a0b43700; archive = "<IDEArchive: 0x89e14b6b0>", distributionMethod="<IDEDistributionMethodiOSAppStoreDistribution: 0x88f5444f0>", team="<IDEProvisioningDisambiguatableBasicTeam: 0x8959c8f40; teamID='FX2M56Q5GV', teamName='Daniel Lee', teamType='Individual', username='2945235656@qq.com', isFreeProvisioningTeam='0'>">
	<IDEDistributionContext: 0x8ab096d00; archive = "<IDEArchive: 0x89e14b6b0>", distributionMethod="<IDEDistributionMethodiOSAppStoreDistribution: 0x88f5444f0>", team="<IDEProvisioningDisambiguatableBasicTeam: 0x8959c8f40; teamID='FX2M56Q5GV', teamName='Daniel Lee', teamType='Individual', username='2945235656@qq.com', isFreeProvisioningTeam='0'>">
	<IDEDistributionContext: 0x8ab096a80; archive = "<IDEArchive: 0x89e14b6b0>", distributionMethod="<IDEDistributionMethodiOSAppStoreDistribution: 0x88f5444f0>", team="<IDEProvisioningDisambiguatableBasicTeam: 0x8959c8f40; teamID='FX2M56Q5GV', teamName='Daniel Lee', teamType='Individual', username='2945235656@qq.com', isFreeProvisioningTeam='0'>">
	<IDEDistributionContext: 0x8ab097c00; archive = "<IDEArchive: 0x89e14b6b0>", distributionMethod="<IDEDistributionMethodiOSAppStoreDistribution: 0x88f5444f0>", team="<IDEProvisioningDisambiguatableBasicTeam: 0x8959c8f40; teamID='FX2M56Q5GV', teamName='Daniel Lee', teamType='Individual', username='2945235656@qq.com', isFreeProvisioningTeam='0'>">
	<IDEDistributionContext: 0x8ab095e00; archive = "<IDEArchive: 0x89e14b6b0>", distributionMethod="<IDEDistributionMethodiOSAppStoreDistribution: 0x88f5444f0>", team="(null)">
	<IDEDistributionContext: 0x8ab096080; archive = "<IDEArchive: 0x89e14b6b0>", distributionMethod="<IDEDistributionMethodiOSAppStoreDistribution: 0x88f5444f0>", team="(null)">
	<IDEDistributionContext: 0x8ab094c80; archive = "<IDEArchive: 0x89e14b6b0>", distributionMethod="(null)", team="(null)">
	<IDEDistributionContext: 0x8ab09e300; archive = "<IDEArchive: 0x89e14b6b0>", distributionMethod="(null)", team="(null)">
	<IDEDistributionContext: 0x8ab09e080; archive = "<IDEArchive: 0x89e14b6b0>", distributionMethod="(null)", team="(null)">
</IDEDistributionContext: 0x8ab09a580>
2025-12-01 13:05:47 +0000 [MT] Canceled distribution assistant
