Command line invocation:
    /Applications/Xcode.app/Contents/Developer/usr/bin/xcodebuild -project 锚点.xcodeproj -scheme 锚点 -destination "platform=iOS Simulator,name=iPhone 17 Pro" build

2025-11-22 05:09:12.762 xcodebuild[43662:820721] [MT] IDERunDestination: Supported platforms for the buildables in the current scheme is empty.
ComputePackagePrebuildTargetDependencyGraph

Prepare packages

CreateBuildRequest

SendProjectDescription

CreateBuildOperation

ComputeTargetDependencyGraph
note: Building targets in dependency order
note: Target dependency graph (1 target)
    Target '锚点' in project '锚点' (no dependencies)

GatherProvisioningInputs

CreateBuildDescription

ExecuteExternalTool /Applications/Xcode.app/Contents/Developer/Toolchains/XcodeDefault.xctoolchain/usr/bin/clang -v -E -dM -isysroot /Applications/Xcode.app/Contents/Developer/Platforms/iPhoneSimulator.platform/Developer/SDKs/iPhoneSimulator26.1.sdk -x c -c /dev/null

ExecuteExternalTool /Applications/Xcode.app/Contents/Developer/usr/bin/actool --print-asset-tag-combinations --output-format xml1 /Users/mercury/Desktop/锚点/锚点/Assets.xcassets

ExecuteExternalTool /Applications/Xcode.app/Contents/Developer/usr/bin/actool --version --output-format xml1

ExecuteExternalTool /Applications/Xcode.app/Contents/Developer/Toolchains/XcodeDefault.xctoolchain/usr/bin/swiftc --version

ExecuteExternalTool /Applications/Xcode.app/Contents/Developer/Toolchains/XcodeDefault.xctoolchain/usr/bin/ld -version_details

Build description signature: 9210907bf04e8f6641e6d4d407c71938
Build description path: /Users/mercury/Library/Developer/Xcode/DerivedData/锚点-cympwpqvhglgcickzfmvfzausole/Build/Intermediates.noindex/XCBuildData/9210907bf04e8f6641e6d4d407c71938.xcbuilddata
ClangStatCache /Applications/Xcode.app/Contents/Developer/Toolchains/XcodeDefault.xctoolchain/usr/bin/clang-stat-cache /Applications/Xcode.app/Contents/Developer/Platforms/iPhoneSimulator.platform/Developer/SDKs/iPhoneSimulator26.1.sdk /Users/mercury/Library/Developer/Xcode/DerivedData/SDKStatCaches.noindex/iphonesimulator26.1-23B77-90cf18a4295e390e64c810bc6bd7acbc.sdkstatcache
    cd /Users/mercury/Desktop/锚点/锚点.xcodeproj
    /Applications/Xcode.app/Contents/Developer/Toolchains/XcodeDefault.xctoolchain/usr/bin/clang-stat-cache /Applications/Xcode.app/Contents/Developer/Platforms/iPhoneSimulator.platform/Developer/SDKs/iPhoneSimulator26.1.sdk -o /Users/mercury/Library/Developer/Xcode/DerivedData/SDKStatCaches.noindex/iphonesimulator26.1-23B77-90cf18a4295e390e64c810bc6bd7acbc.sdkstatcache

error: Multiple commands produce '/Users/mercury/Library/Developer/Xcode/DerivedData/锚点-cympwpqvhglgcickzfmvfzausole/Build/Products/Debug-iphonesimulator/锚点.app/Info.plist'
    note: Target '锚点' (project '锚点') has copy command from '/Users/mercury/Desktop/锚点/锚点/Info.plist' to '/Users/mercury/Library/Developer/Xcode/DerivedData/锚点-cympwpqvhglgcickzfmvfzausole/Build/Products/Debug-iphonesimulator/锚点.app/Info.plist'
    note: Target '锚点' (project '锚点') has process command with output '/Users/mercury/Library/Developer/Xcode/DerivedData/锚点-cympwpqvhglgcickzfmvfzausole/Build/Products/Debug-iphonesimulator/锚点.app/Info.plist'
warning: duplicate output file '/Users/mercury/Library/Developer/Xcode/DerivedData/锚点-cympwpqvhglgcickzfmvfzausole/Build/Products/Debug-iphonesimulator/锚点.app/Info.plist' on task: ProcessInfoPlistFile /Users/mercury/Library/Developer/Xcode/DerivedData/锚点-cympwpqvhglgcickzfmvfzausole/Build/Products/Debug-iphonesimulator/锚点.app/Info.plist /Users/mercury/Library/Developer/Xcode/DerivedData/锚点-cympwpqvhglgcickzfmvfzausole/Build/Intermediates.noindex/锚点.build/Debug-iphonesimulator/锚点.build/empty-锚点.plist (in target '锚点' from project '锚点')
** BUILD FAILED **


The following build commands failed:
	Building project 锚点 with scheme 锚点
(1 failure)
